<?xml version="1.0" encoding="UTF-8"?>
<testsuites name="TestSuite1" time="37.037" tests="4" failures="0" errors="0">
   <testsuite name="TestSuite1" tests="4" failures="0" errors="0" time="37.037" skipped="0" timestamp="2023-01-10 14:27:00" hostname="JJabay - ALJJabay1.Arcanys.com" id="Test Suites/TestSuite1">
      <properties>
         <property name="deviceName" value=""/>
         <property name="devicePlatform" value=""/>
         <property name="logFolder" value="C:\\Users\\jjabay\\Katalon Studio\\API Demo Project 1\\Reports\\20230110_142621\\TestSuite1\\20230110_142621"/>
         <property name="logFiles" value="C:\\Users\\jjabay\\Katalon Studio\\API Demo Project 1\\Reports\\20230110_142621\\TestSuite1\\20230110_142621\\execution0.log"/>
         <property name="attachments" value=""/>
         <property name="hostName" value="JJabay - ALJJabay1.Arcanys.com"/>
         <property name="hostAddress" value="192.168.1.2"/>
         <property name="os" value="Windows 10 64bit"/>
         <property name="katalonVersion" value="8.5.5.208"/>
      </properties>
      <testcase name="Test Cases/CalculatorTest/Addition" time="13.382" classname="Test Cases/CalculatorTest/Addition" status="PASSED">
         <system-out><![CDATA[2023-01-10 14:27:00 - [TEST_CASE][PASSED] - Test Cases/CalculatorTest/Addition: Test Cases/CalculatorTest/Addition

2023-01-10 14:27:02 - [TEST_STEP][PASSED] - response = sendRequest(findTestObject("CalculatorSoapService/Addition")): Send request successfully

2023-01-10 14:27:10 - [MESSAGE][INFO] - HAR: C:\Users\jjabay\Katalon Studio\API Demo Project 1\Reports\20230110_142621\TestSuite1\20230110_142621\requests\main\0.har

2023-01-10 14:27:10 - [MESSAGE][PASSED] - Send request successfully

2023-01-10 14:27:10 - [TEST_STEP][PASSED] - response = sendRequestAndVerify(findTestObject("CalculatorSoapService/Addition")): Send request and verify the response successfully

2023-01-10 14:27:12 - [MESSAGE][INFO] - HAR: C:\Users\jjabay\Katalon Studio\API Demo Project 1\Reports\20230110_142621\TestSuite1\20230110_142621\requests\main\1.har

2023-01-10 14:27:12 - [TEST_CASE][PASSED] - Start Test Case : Verification: Verification accomplished successfully

2023-01-10 14:27:12 - [TEST_STEP][PASSED] - request = getInstance().getCurrentRequest(): null

2023-01-10 14:27:13 - [TEST_STEP][PASSED] - response = getInstance().getCurrentResponse(): null

2023-01-10 14:27:13 - [TEST_STEP][PASSED] - getResponseText()).contains("AddResult"): null

2023-01-10 14:27:13 - [TEST_STEP][PASSED] - verifyResponseStatusCode(response, 200): Verify response status code successfully

2023-01-10 14:27:13 - [MESSAGE][PASSED] - Verify response status code successfully

2023-01-10 14:27:13 - [TEST_STEP][PASSED] - getStatusCode()).isEqualTo(200): null

2023-01-10 14:27:13 - [TEST_STEP][PASSED] - verifyElementPropertyValue(response, "AddResponse.AddResult", "6"): Verify element property value successfully

2023-01-10 14:27:13 - [MESSAGE][PASSED] - Verify element property value successfully

2023-01-10 14:27:13 - [MESSAGE][PASSED] - Verify response successfully

2023-01-10 14:27:14 - [MESSAGE][PASSED] - All validation steps have been passed

2023-01-10 14:27:14 - [MESSAGE][PASSED] - Send request and verify the response successfully

2023-01-10 14:27:14 - [TEST_STEP][PASSED] - verifyElementPropertyValue(response, "AddResponse.AddResult", "6"): Verify element property value successfully

2023-01-10 14:27:14 - [MESSAGE][PASSED] - Verify element property value successfully]]></system-out>
         <system-err><![CDATA[]]></system-err>
      </testcase>
      <testcase name="Test Cases/GetBankDetails" time="2.507" classname="Test Cases/GetBankDetails" status="PASSED">
         <system-out><![CDATA[2023-01-10 14:27:14 - [TEST_CASE][PASSED] - Test Cases/GetBankDetails: Test Cases/GetBankDetails

2023-01-10 14:27:15 - [TEST_STEP][PASSED] - sendRequest(findTestObject("SOAP Service/BLZServiceSOAP11Binding/getBank")): Send request successfully

2023-01-10 14:27:16 - [MESSAGE][INFO] - HAR: C:\Users\jjabay\Katalon Studio\API Demo Project 1\Reports\20230110_142621\TestSuite1\20230110_142621\requests\main\2.har

2023-01-10 14:27:16 - [MESSAGE][PASSED] - Send request successfully]]></system-out>
         <system-err><![CDATA[]]></system-err>
      </testcase>
      <testcase name="Test Cases/TestHTTPMethods" time="16.61" classname="Test Cases/TestHTTPMethods" status="PASSED">
         <system-out><![CDATA[2023-01-10 14:27:16 - [TEST_CASE][PASSED] - Test Cases/TestHTTPMethods: Test Cases/TestHTTPMethods

2023-01-10 14:27:17 - [TEST_STEP][PASSED] - sendRequestAndVerify(findTestObject("UserRestService/ListUsers")): Send request and verify the response successfully

2023-01-10 14:27:19 - [MESSAGE][INFO] - HAR: C:\Users\jjabay\Katalon Studio\API Demo Project 1\Reports\20230110_142621\TestSuite1\20230110_142621\requests\main\3.har

2023-01-10 14:27:19 - [TEST_CASE][PASSED] - Start Test Case : Verification: Verification accomplished successfully

2023-01-10 14:27:20 - [TEST_STEP][PASSED] - request = getInstance().getCurrentRequest(): null

2023-01-10 14:27:20 - [TEST_STEP][PASSED] - response = getInstance().getCurrentResponse(): null

2023-01-10 14:27:20 - [TEST_STEP][PASSED] - verifyResponseStatusCode(response, 200): Verify response status code successfully

2023-01-10 14:27:20 - [MESSAGE][PASSED] - Verify response status code successfully

2023-01-10 14:27:20 - [TEST_STEP][PASSED] - getStatusCode()).isEqualTo(200): null

2023-01-10 14:27:20 - [TEST_STEP][PASSED] - verifyElementPropertyValue(response, "data[1].first_name", "Lindsay"): Verify element property value successfully

2023-01-10 14:27:20 - [MESSAGE][PASSED] - Verify element property value successfully

2023-01-10 14:27:20 - [MESSAGE][PASSED] - Verify response successfully

2023-01-10 14:27:20 - [MESSAGE][PASSED] - All validation steps have been passed

2023-01-10 14:27:20 - [MESSAGE][PASSED] - Send request and verify the response successfully

2023-01-10 14:27:20 - [TEST_STEP][PASSED] - sendRequestAndVerify(findTestObject("UserRestService/DeleteUser")): Send request and verify the response successfully

2023-01-10 14:27:22 - [MESSAGE][INFO] - HAR: C:\Users\jjabay\Katalon Studio\API Demo Project 1\Reports\20230110_142621\TestSuite1\20230110_142621\requests\main\4.har

2023-01-10 14:27:22 - [TEST_CASE][PASSED] - Start Test Case : Verification: Verification accomplished successfully

2023-01-10 14:27:22 - [TEST_STEP][PASSED] - request = getInstance().getCurrentRequest(): null

2023-01-10 14:27:22 - [TEST_STEP][PASSED] - response = getInstance().getCurrentResponse(): null

2023-01-10 14:27:22 - [TEST_STEP][PASSED] - verifyResponseStatusCode(response, 204): Verify response status code successfully

2023-01-10 14:27:22 - [MESSAGE][PASSED] - Verify response status code successfully

2023-01-10 14:27:22 - [TEST_STEP][PASSED] - getStatusCode()).isEqualTo(204): null

2023-01-10 14:27:22 - [MESSAGE][PASSED] - Verify response successfully

2023-01-10 14:27:22 - [MESSAGE][PASSED] - All validation steps have been passed

2023-01-10 14:27:22 - [MESSAGE][PASSED] - Send request and verify the response successfully

2023-01-10 14:27:22 - [TEST_STEP][PASSED] - sendRequestAndVerify(findTestObject("UserRestService/UpdateUser")): Send request and verify the response successfully

2023-01-10 14:27:29 - [MESSAGE][INFO] - HAR: C:\Users\jjabay\Katalon Studio\API Demo Project 1\Reports\20230110_142621\TestSuite1\20230110_142621\requests\main\5.har

2023-01-10 14:27:29 - [TEST_CASE][PASSED] - Start Test Case : Verification: Verification accomplished successfully

2023-01-10 14:27:29 - [TEST_STEP][PASSED] - request = getInstance().getCurrentRequest(): null

2023-01-10 14:27:29 - [TEST_STEP][PASSED] - response = getInstance().getCurrentResponse(): null

2023-01-10 14:27:29 - [TEST_STEP][PASSED] - verifyResponseStatusCode(response, 200): Verify response status code successfully

2023-01-10 14:27:29 - [MESSAGE][PASSED] - Verify response status code successfully

2023-01-10 14:27:29 - [TEST_STEP][PASSED] - getStatusCode()).isEqualTo(200): null

2023-01-10 14:27:29 - [MESSAGE][PASSED] - Verify response successfully

2023-01-10 14:27:29 - [MESSAGE][PASSED] - All validation steps have been passed

2023-01-10 14:27:29 - [MESSAGE][PASSED] - Send request and verify the response successfully

2023-01-10 14:27:29 - [TEST_STEP][PASSED] - sendRequestAndVerify(findTestObject("UserRestService/CreateUser")): Send request and verify the response successfully

2023-01-10 14:27:32 - [MESSAGE][INFO] - HAR: C:\Users\jjabay\Katalon Studio\API Demo Project 1\Reports\20230110_142621\TestSuite1\20230110_142621\requests\main\6.har

2023-01-10 14:27:32 - [TEST_CASE][PASSED] - Start Test Case : Verification: Verification accomplished successfully

2023-01-10 14:27:33 - [TEST_STEP][PASSED] - request = getInstance().getCurrentRequest(): null

2023-01-10 14:27:33 - [TEST_STEP][PASSED] - response = getInstance().getCurrentResponse(): null

2023-01-10 14:27:33 - [TEST_STEP][PASSED] - verifyResponseStatusCode(response, 201): Verify response status code successfully

2023-01-10 14:27:33 - [MESSAGE][PASSED] - Verify response status code successfully

2023-01-10 14:27:33 - [TEST_STEP][PASSED] - getStatusCode()).isEqualTo(201): null

2023-01-10 14:27:33 - [MESSAGE][PASSED] - Verify response successfully

2023-01-10 14:27:33 - [MESSAGE][PASSED] - All validation steps have been passed

2023-01-10 14:27:33 - [MESSAGE][PASSED] - Send request and verify the response successfully]]></system-out>
         <system-err><![CDATA[]]></system-err>
      </testcase>
      <testcase name="Test Cases/ListUsersTest" time="3.828" classname="Test Cases/ListUsersTest" status="PASSED">
         <system-out><![CDATA[2023-01-10 14:27:33 - [TEST_CASE][PASSED] - Test Cases/ListUsersTest: Test Cases/ListUsersTest

2023-01-10 14:27:34 - [TEST_STEP][PASSED] - sendRequest(findTestObject("UserRestService/ListUsers")): Send request successfully

2023-01-10 14:27:35 - [MESSAGE][INFO] - HAR: C:\Users\jjabay\Katalon Studio\API Demo Project 1\Reports\20230110_142621\TestSuite1\20230110_142621\requests\main\7.har

2023-01-10 14:27:35 - [MESSAGE][PASSED] - Send request successfully

2023-01-10 14:27:35 - [TEST_STEP][PASSED] - response = sendRequestAndVerify(findTestObject("UserRestService/ListUsers")): Send request and verify the response successfully

2023-01-10 14:27:35 - [MESSAGE][INFO] - HAR: C:\Users\jjabay\Katalon Studio\API Demo Project 1\Reports\20230110_142621\TestSuite1\20230110_142621\requests\main\8.har

2023-01-10 14:27:35 - [TEST_CASE][PASSED] - Start Test Case : Verification: Verification accomplished successfully

2023-01-10 14:27:36 - [TEST_STEP][PASSED] - request = getInstance().getCurrentRequest(): null

2023-01-10 14:27:36 - [TEST_STEP][PASSED] - response = getInstance().getCurrentResponse(): null

2023-01-10 14:27:36 - [TEST_STEP][PASSED] - verifyResponseStatusCode(response, 200): Verify response status code successfully

2023-01-10 14:27:36 - [MESSAGE][PASSED] - Verify response status code successfully

2023-01-10 14:27:36 - [TEST_STEP][PASSED] - getStatusCode()).isEqualTo(200): null

2023-01-10 14:27:36 - [TEST_STEP][PASSED] - verifyElementPropertyValue(response, "data[1].first_name", "Lindsay"): Verify element property value successfully

2023-01-10 14:27:36 - [MESSAGE][PASSED] - Verify element property value successfully

2023-01-10 14:27:36 - [MESSAGE][PASSED] - Verify response successfully

2023-01-10 14:27:36 - [MESSAGE][PASSED] - All validation steps have been passed

2023-01-10 14:27:36 - [MESSAGE][PASSED] - Send request and verify the response successfully

2023-01-10 14:27:36 - [TEST_STEP][PASSED] - verifyElementPropertyValue(response, "data[1].first_name", "Lindsay"): Verify element property value successfully

2023-01-10 14:27:36 - [MESSAGE][PASSED] - Verify element property value successfully

2023-01-10 14:27:36 - [TEST_STEP][PASSED] - verifyElementPropertyValue(response, "data[1].id", "8"): Verify element property value successfully

2023-01-10 14:27:36 - [MESSAGE][PASSED] - Verify element property value successfully

2023-01-10 14:27:36 - [TEST_STEP][PASSED] - verifyElementsCount(response, "data", 6): Verify element count successfully

2023-01-10 14:27:37 - [MESSAGE][PASSED] - Verify element count successfully]]></system-out>
         <system-err><![CDATA[]]></system-err>
      </testcase>
      <system-out><![CDATA[2023-01-10 14:27:00 - [TEST_SUITE][PASSED] - TestSuite1: Test Cases/ListUsersTest]]></system-out>
      <system-err><![CDATA[]]></system-err>
   </testsuite>
</testsuites>
